<?xml version="1.0" encoding="UTF-8"?>
<testsuite name="ShopTest" tests="1" skipped="0" failures="0" errors="0" timestamp="2024-03-12T08:30:20" hostname="MBP-Kristina" time="1.766">
  <properties/>
  <testcase name="newTest()" classname="ShopTest" time="1.766"/>
  <system-out><![CDATA[]]></system-out>
  <system-err><![CDATA[]]></system-err>
</testsuite>
